Info: Starting: Create block symbol file (.bsf)
Info: ip-generate --project-directory="C:/Users/Vinicius/Desktop/PBL - Sistemas Digitais/tec499-problema2/quartus/projeto_lcd_controller/projeto_qsys/" --output-directory="C:/Users/Vinicius/Desktop/PBL - Sistemas Digitais/tec499-problema2/quartus/projeto_lcd_controller/projeto_qsys/NiosQsys/" --report-file="bsf:C:/Users/Vinicius/Desktop/PBL - Sistemas Digitais/tec499-problema2/quartus/projeto_lcd_controller/projeto_qsys/NiosQsys.bsf" --system-info=DEVICE_FAMILY="Cyclone IV E" --system-info=DEVICE=EP4CE6E22C8 --system-info=DEVICE_SPEEDGRADE=8 --component-file="C:/Users/Vinicius/Desktop/PBL - Sistemas Digitais/tec499-problema2/quartus/projeto_lcd_controller/projeto_qsys/NiosQsys.qsys"
Progress: Loading projeto_qsys/NiosQsys.qsys
Progress: Reading input file
Progress: Adding clk_0 [clock_source 13.0]
Progress: Parameterizing module clk_0
Progress: Adding nios2_qsys_0 [altera_nios2_qsys 13.0]
Progress: Parameterizing module nios2_qsys_0
Progress: Adding onchip_memory2_0 [altera_avalon_onchip_memory2 13.0.1.99.2]
Progress: Parameterizing module onchip_memory2_0
Progress: Adding jtag_uart_0 [altera_avalon_jtag_uart 13.0.1.99.2]
Progress: Parameterizing module jtag_uart_0
Progress: Adding modo_operacao_lcd [altera_avalon_pio 13.0.1.99.2]
Progress: Parameterizing module modo_operacao_lcd
Progress: Adding entrada_lcd_1 [altera_avalon_pio 13.0.1.99.2]
Progress: Parameterizing module entrada_lcd_1
Progress: Adding entrada_lcd_2 [altera_avalon_pio 13.0.1.99.2]
Progress: Parameterizing module entrada_lcd_2
Progress: Adding rx_dados [altera_avalon_pio 13.0.1.99.2]
Progress: Parameterizing module rx_dados
Progress: Adding control_words [altera_avalon_pio 13.0.1.99.2]
Progress: Parameterizing module control_words
Progress: Building connections
Progress: Parameterizing connections
Progress: Validating
Progress: Done reading input file
Info: NiosQsys.rx_dados: PIO inputs are not hardwired in test bench. Undefined values will be read from PIO inputs during simulation.
Info: NiosQsys.control_words: PIO inputs are not hardwired in test bench. Undefined values will be read from PIO inputs during simulation.
Info: ip-generate succeeded.
Info: Finished: Create block symbol file (.bsf)
Info: 
Info: Starting: Create HDL design files for synthesis
Info: ip-generate --project-directory="C:/Users/Vinicius/Desktop/PBL - Sistemas Digitais/tec499-problema2/quartus/projeto_lcd_controller/projeto_qsys/" --output-directory="C:/Users/Vinicius/Desktop/PBL - Sistemas Digitais/tec499-problema2/quartus/projeto_lcd_controller/projeto_qsys/NiosQsys/synthesis/" --file-set=QUARTUS_SYNTH --report-file="sopcinfo:C:/Users/Vinicius/Desktop/PBL - Sistemas Digitais/tec499-problema2/quartus/projeto_lcd_controller/projeto_qsys/NiosQsys.sopcinfo" --report-file="html:C:/Users/Vinicius/Desktop/PBL - Sistemas Digitais/tec499-problema2/quartus/projeto_lcd_controller/projeto_qsys/NiosQsys.html" --report-file="qip:C:/Users/Vinicius/Desktop/PBL - Sistemas Digitais/tec499-problema2/quartus/projeto_lcd_controller/projeto_qsys/NiosQsys/synthesis/NiosQsys.qip" --report-file="cmp:C:/Users/Vinicius/Desktop/PBL - Sistemas Digitais/tec499-problema2/quartus/projeto_lcd_controller/projeto_qsys/NiosQsys.cmp" --report-file=svd --system-info=DEVICE_FAMILY="Cyclone IV E" --system-info=DEVICE=EP4CE6E22C8 --system-info=DEVICE_SPEEDGRADE=8 --component-file="C:/Users/Vinicius/Desktop/PBL - Sistemas Digitais/tec499-problema2/quartus/projeto_lcd_controller/projeto_qsys/NiosQsys.qsys" --language=VERILOG
Progress: Loading projeto_qsys/NiosQsys.qsys
Progress: Reading input file
Progress: Adding clk_0 [clock_source 13.0]
Progress: Parameterizing module clk_0
Progress: Adding nios2_qsys_0 [altera_nios2_qsys 13.0]
Progress: Parameterizing module nios2_qsys_0
Progress: Adding onchip_memory2_0 [altera_avalon_onchip_memory2 13.0.1.99.2]
Progress: Parameterizing module onchip_memory2_0
Progress: Adding jtag_uart_0 [altera_avalon_jtag_uart 13.0.1.99.2]
Progress: Parameterizing module jtag_uart_0
Progress: Adding modo_operacao_lcd [altera_avalon_pio 13.0.1.99.2]
Progress: Parameterizing module modo_operacao_lcd
Progress: Adding entrada_lcd_1 [altera_avalon_pio 13.0.1.99.2]
Progress: Parameterizing module entrada_lcd_1
Progress: Adding entrada_lcd_2 [altera_avalon_pio 13.0.1.99.2]
Progress: Parameterizing module entrada_lcd_2
Progress: Adding rx_dados [altera_avalon_pio 13.0.1.99.2]
Progress: Parameterizing module rx_dados
Progress: Adding control_words [altera_avalon_pio 13.0.1.99.2]
Progress: Parameterizing module control_words
Progress: Building connections
Progress: Parameterizing connections
Progress: Validating
Progress: Done reading input file
Info: NiosQsys.rx_dados: PIO inputs are not hardwired in test bench. Undefined values will be read from PIO inputs during simulation.
Info: NiosQsys.control_words: PIO inputs are not hardwired in test bench. Undefined values will be read from PIO inputs during simulation.
Info: NiosQsys: Generating NiosQsys "NiosQsys" for QUARTUS_SYNTH
Info: pipeline_bridge_swap_transform: After transform: 9 modules, 39 connections
Info: No custom instruction connections, skipping transform 
Info: merlin_translator_transform: After transform: 19 modules, 74 connections
Info: merlin_domain_transform: After transform: 38 modules, 183 connections
Info: merlin_router_transform: After transform: 48 modules, 218 connections
Info: reset_adaptation_transform: After transform: 50 modules, 193 connections
Info: merlin_network_to_switch_transform: After transform: 69 modules, 245 connections
Info: merlin_mm_transform: After transform: 69 modules, 245 connections
Info: merlin_interrupt_mapper_transform: After transform: 70 modules, 248 connections
Warning: NiosQsys: "No matching role found for rst_controller:reset_out:reset_req (reset_req)"
Warning: NiosQsys: "No matching role found for rst_controller:reset_out:reset_req (reset_req)"
Warning: NiosQsys: "No matching role found for rst_controller:reset_out:reset_req (reset_req)"
Warning: NiosQsys: "No matching role found for rst_controller:reset_out:reset_req (reset_req)"
Warning: NiosQsys: "No matching role found for rst_controller:reset_out:reset_req (reset_req)"
Warning: NiosQsys: "No matching role found for rst_controller:reset_out:reset_req (reset_req)"
Warning: NiosQsys: "No matching role found for rst_controller:reset_out:reset_req (reset_req)"
Warning: NiosQsys: "No matching role found for rst_controller:reset_out:reset_req (reset_req)"
Warning: NiosQsys: "No matching role found for rst_controller:reset_out:reset_req (reset_req)"
Warning: NiosQsys: "No matching role found for rst_controller:reset_out:reset_req (reset_req)"
Warning: NiosQsys: "No matching role found for rst_controller:reset_out:reset_req (reset_req)"
Warning: NiosQsys: "No matching role found for rst_controller:reset_out:reset_req (reset_req)"
Warning: NiosQsys: "No matching role found for rst_controller:reset_out:reset_req (reset_req)"
Warning: NiosQsys: "No matching role found for rst_controller:reset_out:reset_req (reset_req)"
Warning: NiosQsys: "No matching role found for rst_controller:reset_out:reset_req (reset_req)"
Warning: NiosQsys: "No matching role found for rst_controller:reset_out:reset_req (reset_req)"
Warning: NiosQsys: "No matching role found for rst_controller:reset_out:reset_req (reset_req)"
Warning: NiosQsys: "No matching role found for rst_controller:reset_out:reset_req (reset_req)"
Warning: NiosQsys: "No matching role found for rst_controller:reset_out:reset_req (reset_req)"
Warning: NiosQsys: "No matching role found for rst_controller:reset_out:reset_req (reset_req)"
Warning: NiosQsys: "No matching role found for rst_controller:reset_out:reset_req (reset_req)"
Warning: NiosQsys: "No matching role found for rst_controller:reset_out:reset_req (reset_req)"
Warning: NiosQsys: "No matching role found for rst_controller:reset_out:reset_req (reset_req)"
Warning: NiosQsys: "No matching role found for rst_controller:reset_out:reset_req (reset_req)"
Warning: NiosQsys: "No matching role found for rst_controller:reset_out:reset_req (reset_req)"
Warning: NiosQsys: "No matching role found for rst_controller:reset_out:reset_req (reset_req)"
Warning: NiosQsys: "No matching role found for rst_controller:reset_out:reset_req (reset_req)"
Warning: NiosQsys: "No matching role found for rst_controller:reset_out:reset_req (reset_req)"
Warning: NiosQsys: "No matching role found for rst_controller:reset_out:reset_req (reset_req)"
Warning: NiosQsys: "No matching role found for rst_controller:reset_out:reset_req (reset_req)"
Warning: NiosQsys: "No matching role found for rst_controller:reset_out:reset_req (reset_req)"
Info: nios2_qsys_0: Starting RTL generation for module 'NiosQsys_nios2_qsys_0'
Info: nios2_qsys_0:   Generation command is [exec C:/altera/13.0sp1/quartus/../ip/altera/nios2_ip/altera_nios2/eperl.exe -I C:/altera/13.0sp1/quartus/common/ip/altera/common/perl/5.8.3 -I C:/altera/13.0sp1/quartus/sopc_builder/bin/europa -I C:/altera/13.0sp1/quartus/sopc_builder/bin/perl_lib -I C:/altera/13.0sp1/quartus/sopc_builder/bin -I C:/altera/13.0sp1/quartus/../ip/altera/nios2_ip/altera_nios2/cpu_lib -I C:/altera/13.0sp1/quartus/../ip/altera/nios2_ip/altera_nios2/nios_lib -I C:/altera/13.0sp1/quartus/../ip/altera/nios2_ip/altera_nios2 -I C:/altera/13.0sp1/quartus/../ip/altera/nios2_ip/altera_nios2 -- C:/altera/13.0sp1/quartus/../ip/altera/nios2_ip/altera_nios2/generate_rtl.epl --name=NiosQsys_nios2_qsys_0 --dir=C:/Users/Vinicius/AppData/Local/Temp/alt7713_4354731485232838313.dir/0019_nios2_qsys_0_gen/ --quartus_dir=C:/altera/13.0sp1/quartus --verilog --config=C:/Users/Vinicius/AppData/Local/Temp/alt7713_4354731485232838313.dir/0019_nios2_qsys_0_gen//NiosQsys_nios2_qsys_0_processor_configuration.pl  --do_build_sim=0    --bogus  ]
Info: nios2_qsys_0: # 2018.07.01 09:54:33 (*) Starting Nios II generation
Info: nios2_qsys_0: # 2018.07.01 09:54:33 (*)   Checking for plaintext license.
Info: nios2_qsys_0: # 2018.07.01 09:54:34 (*)   Couldn't query license setup in Quartus directory C:/altera/13.0sp1/quartus
Info: nios2_qsys_0: # 2018.07.01 09:54:34 (*)   Defaulting to contents of LM_LICENSE_FILE environment variable
Info: nios2_qsys_0: # 2018.07.01 09:54:34 (*)   LM_LICENSE_FILE environment variable is empty
Info: nios2_qsys_0: # 2018.07.01 09:54:34 (*)   Plaintext license not found.
Info: nios2_qsys_0: # 2018.07.01 09:54:34 (*)   No license required to generate encrypted Nios II/e.
Info: nios2_qsys_0: # 2018.07.01 09:54:34 (*)   Elaborating CPU configuration settings
Info: nios2_qsys_0: # 2018.07.01 09:54:34 (*)   Creating all objects for CPU
Info: nios2_qsys_0: # 2018.07.01 09:54:36 (*)   Generating RTL from CPU objects
Info: nios2_qsys_0: # 2018.07.01 09:54:36 (*)   Creating plain-text RTL
Info: nios2_qsys_0: # 2018.07.01 09:54:40 (*) Done Nios II generation
Info: nios2_qsys_0: Done RTL generation for module 'NiosQsys_nios2_qsys_0'
Info: nios2_qsys_0: "NiosQsys" instantiated altera_nios2_qsys "nios2_qsys_0"
Info: onchip_memory2_0: Starting RTL generation for module 'NiosQsys_onchip_memory2_0'
Info: onchip_memory2_0:   Generation command is [exec C:/altera/13.0sp1/quartus/bin/perl/bin/perl.exe -I C:/altera/13.0sp1/quartus/common/ip/altera/common/perl/5.8.3 -I C:/altera/13.0sp1/quartus/sopc_builder/bin/europa -I C:/altera/13.0sp1/quartus/sopc_builder/bin/perl_lib -I C:/altera/13.0sp1/quartus/sopc_builder/bin -I C:/altera/13.0sp1/quartus/../ip/altera/sopc_builder_ip/common -I C:/altera/13.0sp1/quartus/../ip/altera/sopc_builder_ip/altera_avalon_onchip_memory2 -- C:/altera/13.0sp1/quartus/../ip/altera/sopc_builder_ip/altera_avalon_onchip_memory2/generate_rtl.pl --name=NiosQsys_onchip_memory2_0 --dir=C:/Users/Vinicius/AppData/Local/Temp/alt7713_4354731485232838313.dir/0020_onchip_memory2_0_gen/ --quartus_dir=C:/altera/13.0sp1/quartus --verilog --config=C:/Users/Vinicius/AppData/Local/Temp/alt7713_4354731485232838313.dir/0020_onchip_memory2_0_gen//NiosQsys_onchip_memory2_0_component_configuration.pl  --do_build_sim=0  ]
Info: onchip_memory2_0: Done RTL generation for module 'NiosQsys_onchip_memory2_0'
Info: onchip_memory2_0: "NiosQsys" instantiated altera_avalon_onchip_memory2 "onchip_memory2_0"
Info: jtag_uart_0: Starting RTL generation for module 'NiosQsys_jtag_uart_0'
Info: jtag_uart_0:   Generation command is [exec C:/altera/13.0sp1/quartus/bin/perl/bin/perl.exe -I C:/altera/13.0sp1/quartus/common/ip/altera/common/perl/5.8.3 -I C:/altera/13.0sp1/quartus/sopc_builder/bin/europa -I C:/altera/13.0sp1/quartus/sopc_builder/bin/perl_lib -I C:/altera/13.0sp1/quartus/sopc_builder/bin -I C:/altera/13.0sp1/quartus/../ip/altera/sopc_builder_ip/common -I C:/altera/13.0sp1/quartus/../ip/altera/sopc_builder_ip/altera_avalon_jtag_uart -- C:/altera/13.0sp1/quartus/../ip/altera/sopc_builder_ip/altera_avalon_jtag_uart/generate_rtl.pl --name=NiosQsys_jtag_uart_0 --dir=C:/Users/Vinicius/AppData/Local/Temp/alt7713_4354731485232838313.dir/0021_jtag_uart_0_gen/ --quartus_dir=C:/altera/13.0sp1/quartus --verilog --config=C:/Users/Vinicius/AppData/Local/Temp/alt7713_4354731485232838313.dir/0021_jtag_uart_0_gen//NiosQsys_jtag_uart_0_component_configuration.pl  --do_build_sim=0  ]
Info: jtag_uart_0: Done RTL generation for module 'NiosQsys_jtag_uart_0'
Info: jtag_uart_0: "NiosQsys" instantiated altera_avalon_jtag_uart "jtag_uart_0"
Info: modo_operacao_lcd: Starting RTL generation for module 'NiosQsys_modo_operacao_lcd'
Info: modo_operacao_lcd:   Generation command is [exec C:/altera/13.0sp1/quartus/bin/perl/bin/perl.exe -I C:/altera/13.0sp1/quartus/common/ip/altera/common/perl/5.8.3 -I C:/altera/13.0sp1/quartus/sopc_builder/bin/europa -I C:/altera/13.0sp1/quartus/sopc_builder/bin/perl_lib -I C:/altera/13.0sp1/quartus/sopc_builder/bin -I C:/altera/13.0sp1/quartus/../ip/altera/sopc_builder_ip/common -I C:/altera/13.0sp1/quartus/../ip/altera/sopc_builder_ip/altera_avalon_pio -- C:/altera/13.0sp1/quartus/../ip/altera/sopc_builder_ip/altera_avalon_pio/generate_rtl.pl --name=NiosQsys_modo_operacao_lcd --dir=C:/Users/Vinicius/AppData/Local/Temp/alt7713_4354731485232838313.dir/0022_modo_operacao_lcd_gen/ --quartus_dir=C:/altera/13.0sp1/quartus --verilog --config=C:/Users/Vinicius/AppData/Local/Temp/alt7713_4354731485232838313.dir/0022_modo_operacao_lcd_gen//NiosQsys_modo_operacao_lcd_component_configuration.pl  --do_build_sim=0  ]
Info: modo_operacao_lcd: Done RTL generation for module 'NiosQsys_modo_operacao_lcd'
Info: modo_operacao_lcd: "NiosQsys" instantiated altera_avalon_pio "modo_operacao_lcd"
Info: entrada_lcd_1: Starting RTL generation for module 'NiosQsys_entrada_lcd_1'
Info: entrada_lcd_1:   Generation command is [exec C:/altera/13.0sp1/quartus/bin/perl/bin/perl.exe -I C:/altera/13.0sp1/quartus/common/ip/altera/common/perl/5.8.3 -I C:/altera/13.0sp1/quartus/sopc_builder/bin/europa -I C:/altera/13.0sp1/quartus/sopc_builder/bin/perl_lib -I C:/altera/13.0sp1/quartus/sopc_builder/bin -I C:/altera/13.0sp1/quartus/../ip/altera/sopc_builder_ip/common -I C:/altera/13.0sp1/quartus/../ip/altera/sopc_builder_ip/altera_avalon_pio -- C:/altera/13.0sp1/quartus/../ip/altera/sopc_builder_ip/altera_avalon_pio/generate_rtl.pl --name=NiosQsys_entrada_lcd_1 --dir=C:/Users/Vinicius/AppData/Local/Temp/alt7713_4354731485232838313.dir/0023_entrada_lcd_1_gen/ --quartus_dir=C:/altera/13.0sp1/quartus --verilog --config=C:/Users/Vinicius/AppData/Local/Temp/alt7713_4354731485232838313.dir/0023_entrada_lcd_1_gen//NiosQsys_entrada_lcd_1_component_configuration.pl  --do_build_sim=0  ]
Info: entrada_lcd_1: Done RTL generation for module 'NiosQsys_entrada_lcd_1'
Info: entrada_lcd_1: "NiosQsys" instantiated altera_avalon_pio "entrada_lcd_1"
Info: rx_dados: Starting RTL generation for module 'NiosQsys_rx_dados'
Info: rx_dados:   Generation command is [exec C:/altera/13.0sp1/quartus/bin/perl/bin/perl.exe -I C:/altera/13.0sp1/quartus/common/ip/altera/common/perl/5.8.3 -I C:/altera/13.0sp1/quartus/sopc_builder/bin/europa -I C:/altera/13.0sp1/quartus/sopc_builder/bin/perl_lib -I C:/altera/13.0sp1/quartus/sopc_builder/bin -I C:/altera/13.0sp1/quartus/../ip/altera/sopc_builder_ip/common -I C:/altera/13.0sp1/quartus/../ip/altera/sopc_builder_ip/altera_avalon_pio -- C:/altera/13.0sp1/quartus/../ip/altera/sopc_builder_ip/altera_avalon_pio/generate_rtl.pl --name=NiosQsys_rx_dados --dir=C:/Users/Vinicius/AppData/Local/Temp/alt7713_4354731485232838313.dir/0024_rx_dados_gen/ --quartus_dir=C:/altera/13.0sp1/quartus --verilog --config=C:/Users/Vinicius/AppData/Local/Temp/alt7713_4354731485232838313.dir/0024_rx_dados_gen//NiosQsys_rx_dados_component_configuration.pl  --do_build_sim=0  ]
Info: rx_dados: Done RTL generation for module 'NiosQsys_rx_dados'
Info: rx_dados: "NiosQsys" instantiated altera_avalon_pio "rx_dados"
Info: control_words: Starting RTL generation for module 'NiosQsys_control_words'
Info: control_words:   Generation command is [exec C:/altera/13.0sp1/quartus/bin/perl/bin/perl.exe -I C:/altera/13.0sp1/quartus/common/ip/altera/common/perl/5.8.3 -I C:/altera/13.0sp1/quartus/sopc_builder/bin/europa -I C:/altera/13.0sp1/quartus/sopc_builder/bin/perl_lib -I C:/altera/13.0sp1/quartus/sopc_builder/bin -I C:/altera/13.0sp1/quartus/../ip/altera/sopc_builder_ip/common -I C:/altera/13.0sp1/quartus/../ip/altera/sopc_builder_ip/altera_avalon_pio -- C:/altera/13.0sp1/quartus/../ip/altera/sopc_builder_ip/altera_avalon_pio/generate_rtl.pl --name=NiosQsys_control_words --dir=C:/Users/Vinicius/AppData/Local/Temp/alt7713_4354731485232838313.dir/0025_control_words_gen/ --quartus_dir=C:/altera/13.0sp1/quartus --verilog --config=C:/Users/Vinicius/AppData/Local/Temp/alt7713_4354731485232838313.dir/0025_control_words_gen//NiosQsys_control_words_component_configuration.pl  --do_build_sim=0  ]
Info: control_words: Done RTL generation for module 'NiosQsys_control_words'
Info: control_words: "NiosQsys" instantiated altera_avalon_pio "control_words"
Info: nios2_qsys_0_instruction_master_translator: "NiosQsys" instantiated altera_merlin_master_translator "nios2_qsys_0_instruction_master_translator"
Info: nios2_qsys_0_jtag_debug_module_translator: "NiosQsys" instantiated altera_merlin_slave_translator "nios2_qsys_0_jtag_debug_module_translator"
Info: nios2_qsys_0_instruction_master_translator_avalon_universal_master_0_agent: "NiosQsys" instantiated altera_merlin_master_agent "nios2_qsys_0_instruction_master_translator_avalon_universal_master_0_agent"
Info: nios2_qsys_0_jtag_debug_module_translator_avalon_universal_slave_0_agent: "NiosQsys" instantiated altera_merlin_slave_agent "nios2_qsys_0_jtag_debug_module_translator_avalon_universal_slave_0_agent"
Info: nios2_qsys_0_jtag_debug_module_translator_avalon_universal_slave_0_agent_rsp_fifo: "NiosQsys" instantiated altera_avalon_sc_fifo "nios2_qsys_0_jtag_debug_module_translator_avalon_universal_slave_0_agent_rsp_fifo"
Info: addr_router: "NiosQsys" instantiated altera_merlin_router "addr_router"
Info: id_router: "NiosQsys" instantiated altera_merlin_router "id_router"
Info: rst_controller: "NiosQsys" instantiated altera_reset_controller "rst_controller"
Info: cmd_xbar_demux: "NiosQsys" instantiated altera_merlin_demultiplexer "cmd_xbar_demux"
Info: cmd_xbar_mux: "NiosQsys" instantiated altera_merlin_multiplexer "cmd_xbar_mux"
Info: rsp_xbar_demux: "NiosQsys" instantiated altera_merlin_demultiplexer "rsp_xbar_demux"
Info: rsp_xbar_mux: "NiosQsys" instantiated altera_merlin_multiplexer "rsp_xbar_mux"
Info: Reusing file C:/Users/Vinicius/Desktop/PBL - Sistemas Digitais/tec499-problema2/quartus/projeto_lcd_controller/projeto_qsys/NiosQsys/synthesis/submodules/altera_merlin_arbitrator.sv
Info: irq_mapper: "NiosQsys" instantiated altera_irq_mapper "irq_mapper"
Info: NiosQsys: Done NiosQsys" with 21 modules, 100 files, 1835382 bytes
Info: ip-generate succeeded.
Info: Finished: Create HDL design files for synthesis
